make.exe all --print-data-base --no-builtin-variables --no-builtin-rules --question
# GNU Make 4.3
# Built for x86_64-pc-cygwin
# Copyright (C) 1988-2020 Free Software Foundation, Inc.
# License GPLv3+: GNU GPL version 3 or later <http://gnu.org/licenses/gpl.html>
# This is free software: you are free to change and redistribute it.
# There is NO WARRANTY, to the extent permitted by law.

# Make data base, printed on Sun Apr 10 17:37:37 2022

# Variables

# environment
SYSTEMDRIVE = C:
# environment
LC_ALL = C
# environment
USERPROFILE = C:\Users\Anne
# environment
VBOX_MSI_INSTALL_PATH = C:\Program Files\Oracle\VirtualBox\
# environment
LOCALAPPDATA = C:\Users\Anne\AppData\Local
# environment
VSCODE_IPC_HOOK_EXTHOST = \\.\pipe\vscode-ipc-5869be52-2adb-4aee-94c4-4216e5e5b03e-sock
# environment
VSCODE_CWD = C:\Users\Anne\AppData\Local\Programs\Microsoft VS Code
# environment
SYSTEMROOT = C:\WINDOWS
# environment
PROCESSOR_LEVEL = 6
# environment
PSMODULEPATH = C:\Users\Anne\Documents\WindowsPowerShell\Modules;C:\Users\Anne\AppData\Local\Google\Cloud SDK\google-cloud-sdk\platform\PowerShell
# default
MAKE_COMMAND := make
# automatic
@D = $(patsubst %/,%,$(dir $@))
# environment
CHROME_CRASHPAD_PIPE_NAME = \\.\pipe\crashpad_18716_DDWYFZPKAAWEVNRT
# environment
VSCODE_HANDLES_UNCAUGHT_ERRORS = true
# default
.VARIABLES := 
# automatic
%D = $(patsubst %/,%,$(dir $%))
# automatic
^D = $(patsubst %/,%,$(dir $^))
# environment
VSCODE_LOG_STACK = false
# automatic
%F = $(notdir $%)
# environment
VSCODE_CODE_CACHE_PATH = C:\Users\Anne\AppData\Roaming\Code\CachedData\8dfae7a5cd50421d10cd99cb873990460525a898
# environment
LANG = C
# default
.LOADED := 
# environment
TMP = /cygdrive/c/Users/Anne/AppData/Local/Temp
# default
.INCLUDE_DIRS = /usr/include /usr/include
# makefile
MAKEFLAGS = pqrR
# environment
ONEDRIVE = C:\Users\Anne\OneDrive
# makefile
CURDIR := /cygdrive/c/Git/PracticalProgrammingAndNumericalMethods/Homework/eigenvalue/b
# environment
VSCODE_PIPE_LOGGING = true
# environment
APPLICATION_INSIGHTS_NO_DIAGNOSTIC_CHANNEL = 1
# automatic
*D = $(patsubst %/,%,$(dir $*))
# environment
PROGRAMFILES = C:\Program Files
# environment
MFLAGS = -pqrR
# default
.SHELLFLAGS := -c
# environment
!C: = c:\Git\PracticalProgrammingAndNumericalMethods\Homework\eigenvalue\b
# environment
COMMONPROGRAMW6432 = C:\Program Files\Common Files
# automatic
+D = $(patsubst %/,%,$(dir $+))
# makefile (from 'Makefile', line 1)
MAKEFILE_LIST := Makefile
# automatic
@F = $(notdir $@)
# environment
VSCODE_VERBOSE_LOGGING = true
# environment
VSCODE_PID = 18716
# automatic
?D = $(patsubst %/,%,$(dir $?))
# automatic
*F = $(notdir $*)
# automatic
<D = $(patsubst %/,%,$(dir $<))
# environment
VSCODE_NLS_CONFIG = {"locale":"en-us","availableLanguages":{},"_languagePackSupport":true}
# environment
ONEDRIVECONSUMER = C:\Users\Anne\OneDrive
# default
MAKE_HOST := x86_64-pc-cygwin
# environment
PROGRAMDATA = C:\ProgramData
# default
SHELL := /bin/sh
# environment
HOMEPATH = \Users\Anne
# default
MAKECMDGOALS := all
# environment
DRIVERDATA = C:\Windows\System32\Drivers\DriverData
# environment
COMSPEC = C:\WINDOWS\system32\cmd.exe
# environment
WINDIR = C:\WINDOWS
# environment
MAKELEVEL := 0
# default
MAKE = $(MAKE_COMMAND)
# environment
PATH = /cygdrive/c/Program Files (x86)/Common Files/Oracle/Java/javapath:/cygdrive/c/WINDOWS/system32:/cygdrive/c/WINDOWS:/cygdrive/c/WINDOWS/System32/Wbem:/cygdrive/c/WINDOWS/System32/WindowsPowerShell/v1.0:/cygdrive/c/Program Files/nodejs:/cygdrive/c/Program Files/Git/cmd:/cygdrive/c/WINDOWS/System32/OpenSSH:/cygdrive/c/Program Files/MATLAB/R2020a/bin:/cygdrive/c/Program Files (x86)/Intel/Intel(R) Management Engine Components/DAL:/cygdrive/c/Program Files/Intel/Intel(R) Management Engine Components/DAL:/cygdrive/c/Firefly:/cygdrive/c/Users/Anne/AppData/Local/Programs/Python/Python39/DLLs:/cygdrive/c/Program Files/PuTTY:/cygdrive/c/Program Files/dotnet:/usr/bin:/cygdrive/c/Users/Anne/AppData/Local/Programs/Python/Python39/Scripts:/cygdrive/c/Users/Anne/AppData/Local/Programs/Python/Python39:/cygdrive/c/Users/Anne/AppData/Roaming/npm:/cygdrive/c/Users/Anne/AppData/Local/Microsoft/WindowsApps:/cygdrive/c/Users/Anne/AppData/Local/Programs/MiKTeX/miktex/bin/x64:/cygdrive/c/Program Files/JetBrains/PyCharm Community Edition 2020.3.2/bin:/cygdrive/c/Users/Anne/AppData/Local/Google/Cloud SDK/google-cloud-sdk/bin:/cygdrive/c/Users/Anne/AppData/Local/Programs/Microsoft VS Code/bin:/cygdrive/c/Users/Anne/.dotnet/tools:/cygdrive/c/Users/Anne/AppData/Local/GitHubDesktop/bin
# environment
COMPUTERNAME = DESKTOP-N4LUK91
# default
MAKEFILES := 
# automatic
^F = $(notdir $^)
# environment
PROMPT = $P$G
# environment
LOGONSERVER = \\DESKTOP-N4LUK91
# environment
VSCODE_LOG_NATIVE = false
# environment
USERNAME = Anne
# environment
COMMONPROGRAMFILES = C:\Program Files\Common Files
# automatic
?F = $(notdir $?)
# environment
PROGRAMW6432 = C:\Program Files
# environment
PATHEXT = .COM;.EXE;.BAT;.CMD;.VBS;.VBE;.JS;.JSE;.WSF;.WSH;.MSC
# automatic
+F = $(notdir $+)
# environment
ORIGINAL_XDG_CURRENT_DESKTOP = undefined
# environment
USERDOMAIN = DESKTOP-N4LUK91
# 'override' directive
GNUMAKEFLAGS := 
# environment
OS = Windows_NT
# makefile
.DEFAULT_GOAL := all
# default
MAKE_VERSION := 4.3
# environment
PROGRAMFILES(X86) = C:\Program Files (x86)
# environment
USERDOMAIN_ROAMINGPROFILE = DESKTOP-N4LUK91
# environment
NUMBER_OF_PROCESSORS = 4
# environment
PUBLIC = C:\Users\Public
# environment
MOZ_PLUGIN_PATH = C:\PROGRAM FILES (X86)\FOXIT SOFTWARE\FOXIT READER\plugins\
# environment
APPDATA = C:\Users\Anne\AppData\Roaming
# environment
HOMEDRIVE = C:
# environment
PROCESSOR_ARCHITECTURE = AMD64
# environment
PYCHARM COMMUNITY EDITION = C:\Program Files\JetBrains\PyCharm Community Edition 2020.3.2\bin;
# environment
VSCODE_AMD_ENTRYPOINT = vs/workbench/api/node/extensionHostProcess
# environment
HOME = /home/Anne
# environment
COMMONPROGRAMFILES(X86) = C:\Program Files (x86)\Common Files
# environment
ELECTRON_RUN_AS_NODE = 1
# environment
TEMP = /cygdrive/c/Users/Anne/AppData/Local/Temp
# environment
VSCODE_IPC_HOOK = \\.\pipe\1d4a0d9fdbff4237c63c26af338103da-1.66.1-main-sock
# environment
TERM = xterm-256color
# default
.RECIPEPREFIX := 
# automatic
<F = $(notdir $<)
# default
SUFFIXES := 
# environment
ALLUSERSPROFILE = C:\ProgramData
# environment
SESSIONNAME = Console
# default
.FEATURES := target-specific order-only second-expansion else-if shortest-stem undefine oneshell nocomment grouped-target extra-prereqs archives jobserver output-sync check-symlink guile load
# environment
PROCESSOR_REVISION = 3d04
# environment
PROCESSOR_IDENTIFIER = Intel64 Family 6 Model 61 Stepping 4, GenuineIntel
# variable set hash-table stats:
# Load=98/1024=10%, Rehash=0, Collisions=12/125=10%

# Pattern-specific Variable Values

# No pattern-specific variable values.

# Directories

# . (device 2882382797, inode 844424931495921): 22 files, no impossibilities.

# 22 files, no impossibilities in 1 directories.

# Implicit Rules

# No implicit rules.

# Files

main.exe: main.cs matlib.dll jacobi.dll
#  Implicit rule search has not been done.
#  Last modified 2022-04-10 10:48:49.9782814
#  File has been updated.
#  Successfully updated.
#  recipe to execute (from 'Makefile', line 17):
	mcs -target:exe -out:main.exe -reference:matlib.dll,jacobi.dll main.cs

out.txt: main.exe
#  Implicit rule search has not been done.
#  Last modified 2022-04-10 10:48:51.1839741
#  File has been updated.
#  Successfully updated.
#  recipe to execute (from 'Makefile', line 13):
	mono $<  > $@
	cat out.txt	

rmax_convergence.pdf: rmax_convergence.gpi rmax_convergence.txt
#  Implicit rule search has not been done.
#  Last modified 2022-04-10 10:48:57.4837571
#  File has been updated.
#  Successfully updated.
#  recipe to execute (from 'Makefile', line 7):
	pyxplot $<

# Not a target:
matrix.cs:
#  Implicit rule search has been done.
#  Last modified 2022-03-21 21:59:50.5150324
#  File has been updated.
#  Successfully updated.

# Not a target:
eigenfunctions.gpi:
#  Implicit rule search has been done.
#  Last modified 2022-04-10 10:00:22.8710381
#  File has been updated.
#  Successfully updated.

# Not a target:
Makefile:
#  Implicit rule search has been done.
#  Last modified 2022-04-10 10:26:47.1536294
#  File has been updated.
#  Successfully updated.

clean:
#  Implicit rule search has not been done.
#  Modification time never checked.
#  File has not been updated.
#  recipe to execute (from 'Makefile', line 26):
	rm main.exe 

npoints_convergence.txt: main.exe
#  Implicit rule search has not been done.
#  Last modified 2022-04-10 10:48:53.417718
#  File has been updated.
#  Successfully updated.
#  recipe to execute (from 'Makefile', line 13):
	mono $<  > $@
	cat out.txt	

# Not a target:
.DEFAULT:
#  Implicit rule search has not been done.
#  Modification time never checked.
#  File has not been updated.

all: out.txt rmax_convergence.pdf npoints_convergence.pdf eigenfunctions.pdf
#  Command line target.
#  Implicit rule search has been done.
#  File does not exist.
#  File has been updated.
#  Successfully updated.

# Not a target:
npoints_convergence.gpi:
#  Implicit rule search has been done.
#  Last modified 2022-04-10 09:19:24.2873666
#  File has been updated.
#  Successfully updated.

# Not a target:
rmax_convergence.gpi:
#  Implicit rule search has been done.
#  Last modified 2022-04-10 09:16:59.5293638
#  File has been updated.
#  Successfully updated.

rmax_convergence.txt: main.exe
#  Implicit rule search has not been done.
#  Last modified 2022-04-10 10:48:51.1819954
#  File has been updated.
#  Successfully updated.
#  recipe to execute (from 'Makefile', line 13):
	mono $<  > $@
	cat out.txt	

npoints_convergence.pdf: npoints_convergence.gpi npoints_convergence.txt
#  Implicit rule search has not been done.
#  Last modified 2022-04-10 10:48:58.2051406
#  File has been updated.
#  Successfully updated.
#  recipe to execute (from 'Makefile', line 10):
	pyxplot $<	

# Not a target:
main.cs:
#  Implicit rule search has been done.
#  Last modified 2022-04-10 10:48:45.7398651
#  File has been updated.
#  Successfully updated.

# Not a target:
vector.cs:
#  Implicit rule search has been done.
#  Last modified 2022-03-21 13:05:40.5900054
#  File has been updated.
#  Successfully updated.

eigenfunctions.pdf: eigenfunctions.gpi eigenfunctions.txt
#  Implicit rule search has not been done.
#  Last modified 2022-04-10 10:48:59.2145205
#  File has been updated.
#  Successfully updated.
#  recipe to execute (from 'Makefile', line 4):
	pyxplot $<

jacobi.dll: jacobi.cs matlib.dll
#  Implicit rule search has not been done.
#  Last modified 2022-04-10 10:42:34.4020424
#  File has been updated.
#  Successfully updated.
#  recipe to execute (from 'Makefile', line 23):
	mcs -target:library -out:jacobi.dll -reference:matlib.dll jacobi.cs

matlib.dll: matrix.cs vector.cs
#  Implicit rule search has not been done.
#  Last modified 2022-03-29 14:03:16.6019934
#  File has been updated.
#  Successfully updated.
#  recipe to execute (from 'Makefile', line 20):
	mcs -target:library -out:./$@ $^

eigenfunctions.txt: main.exe
#  Implicit rule search has not been done.
#  Last modified 2022-04-10 10:48:56.3560845
#  File has been updated.
#  Successfully updated.
#  recipe to execute (from 'Makefile', line 13):
	mono $<  > $@
	cat out.txt	

# Not a target:
jacobi.cs:
#  Implicit rule search has been done.
#  Last modified 2022-04-10 10:40:12.3082126
#  File has been updated.
#  Successfully updated.

# files hash-table stats:
# Load=22/1024=2%, Rehash=0, Collisions=2/61=3%
# VPATH Search Paths

# No 'vpath' search paths.

# No general ('VPATH' variable) search path.

# strcache buffers: 1 (0) / strings = 27 / storage = 353 B / avg = 13 B
# current buf: size = 8162 B / used = 353 B / count = 27 / avg = 13 B

# strcache performance: lookups = 72 / hit rate = 62%
# hash-table stats:
# Load=27/8192=0%, Rehash=0, Collisions=2/72=3%
# Finished Make data base on Sun Apr 10 17:37:37 2022

 
